COLLECTION: /db
COLLECTION: /db/system
COLLECTION: /db/system/config
COLLECTION: /db/system/config/db
COLLECTION: /db/system/config/db/orbeon
COLLECTION: /db/system/config/db/orbeon/fr
COLLECTION: /db/orbeon
COLLECTION: /db/orbeon/fr
COLLECTION: /db/orbeon/fr/test
COLLECTION: /db/orbeon/fr/test/testForm
COLLECTION: /db/orbeon/fr/test/testForm/form
COLLECTION: /db/orbeon/fr/orbeon
COLLECTION: /db/orbeon/fr/orbeon/bookshelf
COLLECTION: /db/orbeon/fr/orbeon/bookshelf/data
COLLECTION: /db/orbeon/fr/orbeon/bookshelf/data/783db082af50ae6675b7ea411c1f0994
COLLECTION: /db/orbeon/fr/orbeon/bookshelf/data/9531a191c77b75c417e9874427fa21f7
COLLECTION: /db/orbeon/fr/orbeon/bookshelf/data/891ce63e59c17348f6fda273afe28c2b
COLLECTION: /db/orbeon/fr/orbeon/bookshelf/data/3fb8620e26ad68404706c7a4e73d4baf
COLLECTION: /db/orbeon/fr/orbeon/bookshelf/data/3ecb36b2338bd4a37b063bc39a15138f
COLLECTION: /db/orbeon/fr/orbeon/bookshelf/data/e8bfd3ba63fa12a8b59cdd5c08369a35
COLLECTION: /db/orbeon/fr/orbeon/bookshelf/data/16ab5903c7f0deb74fdc51dbdf705375
COLLECTION: /db/orbeon/fr/orbeon/bookshelf/data/24565d3894e9d156042d60f9a70f3d74
COLLECTION: /db/orbeon/fr/orbeon/bookshelf/data/5bba537614484bd9e33c97bfc7649889
COLLECTION: /db/orbeon/fr/orbeon/bookshelf/data/ad6f8583a9644c36aa1794eb69024a37
COLLECTION: /db/orbeon/fr/orbeon/bookshelf/data/fd5dfce7a236758e72910d333bf832f8
COLLECTION: /db/orbeon/fr/orbeon/bookshelf/data/c23140188670605bdde181c2a3476dae
COLLECTION: /db/orbeon/fr/orbeon/bookshelf/form
COLLECTION: /db/orbeon/fr/orbeon/w9
COLLECTION: /db/orbeon/fr/orbeon/w9/data
COLLECTION: /db/orbeon/fr/orbeon/w9/data/4a83b4cf2b905fbe105d7e57ddc5597b5e78c0a3
COLLECTION: /db/orbeon/fr/orbeon/w9/form
COLLECTION: /db/orbeon/fr/orbeon/builder
COLLECTION: /db/orbeon/fr/orbeon/builder/data
COLLECTION: /db/orbeon/fr/orbeon/builder/data/417b8b4473f6db9e0f94b05ccb9208be
COLLECTION: /db/orbeon/fr/orbeon/builder/data/12daf22804caf054309c7343c5c59546313f1057
COLLECTION: /db/orbeon/fr/orbeon/builder/data/669de95ea7bf7839c342b46328586046
COLLECTION: /db/orbeon/fr/orbeon/builder/data/b9d842b71560cf9278422f88a32bfaf7419a7b01
COLLECTION: /db/orbeon/fr/orbeon/builder/data/e3f204051ab5d205f6c6a1948153289cf1c9fca2
COLLECTION: /db/orbeon/fr/orbeon/builder/data/51cbb050c39fa094efe721da690eb168
COLLECTION: /db/orbeon/fr/orbeon/builder/data/52c62a05a09601f37a121101468f9f98
COLLECTION: /db/orbeon/fr/orbeon/dmv-14
COLLECTION: /db/orbeon/fr/orbeon/dmv-14/data
COLLECTION: /db/orbeon/fr/orbeon/dmv-14/data/6b01fa4cd1605b8f736fac09be6cf9b2
COLLECTION: /db/orbeon/fr/orbeon/dmv-14/form
COLLECTION: /db/orbeon/fr/orbeon/contact
COLLECTION: /db/orbeon/fr/orbeon/contact/data
COLLECTION: /db/orbeon/fr/orbeon/contact/data/9eff349bfd95aab8d4d5e048bd25a815
COLLECTION: /db/orbeon/fr/orbeon/contact/form
COLLECTION: /db/orbeon/fr/orbeon/controls
COLLECTION: /db/orbeon/fr/orbeon/controls/form
COLLECTION: /db/orbeon/fr/orbeon/library
COLLECTION: /db/orbeon/fr/orbeon/library/form
  DOCUMENT: 52 of 52
